<?xml version="1.0" encoding="UTF-8" ?>
<testsuite failures="0" time="1.297" errors="0" skipped="0" tests="1" name="org.mat.sample.EntityManagerIllustrationTest">
  <properties>
    <property name="jboss.i18n.generate-proxies" value="true"/>
    <property name="java.runtime.name" value="Java(TM) SE Runtime Environment"/>
    <property name="sun.boot.library.path" value="/Library/Java/JavaVirtualMachines/1.7.0.jdk/Contents/Home/jre/lib"/>
    <property name="java.vm.version" value="23.1-b03"/>
    <property name="gopherProxySet" value="false"/>
    <property name="java.vm.vendor" value="Oracle Corporation"/>
    <property name="java.vendor.url" value="http://java.oracle.com/"/>
    <property name="path.separator" value=":"/>
    <property name="java.vm.name" value="Java HotSpot(TM) 64-Bit Server VM"/>
    <property name="file.encoding.pkg" value="sun.io"/>
    <property name="user.country" value="FR"/>
    <property name="sun.java.launcher" value="SUN_STANDARD"/>
    <property name="sun.os.patch.level" value="unknown"/>
    <property name="java.vm.specification.name" value="Java Virtual Machine Specification"/>
    <property name="user.dir" value="/Users/mlecoutre/Workspaces/gitrepo/samples/UserUtility"/>
    <property name="java.runtime.version" value="1.7.0_05-b06"/>
    <property name="java.awt.graphicsenv" value="sun.awt.CGraphicsEnvironment"/>
    <property name="basedir" value="/Users/mlecoutre/Workspaces/gitrepo/samples/UserUtility"/>
    <property name="java.endorsed.dirs" value="/Library/Java/JavaVirtualMachines/1.7.0.jdk/Contents/Home/jre/lib/endorsed"/>
    <property name="os.arch" value="x86_64"/>
    <property name="surefire.real.class.path" value="/Users/mlecoutre/Workspaces/gitrepo/samples/UserUtility/target/surefire/surefirebooter2147240122655978524.jar"/>
    <property name="java.io.tmpdir" value="/var/folders/64/_z8ysml57wq8sm84s6j1vpcm0000gn/T/"/>
    <property name="line.separator" value="
"/>
    <property name="java.vm.specification.vendor" value="Oracle Corporation"/>
    <property name="os.name" value="Mac OS X"/>
    <property name="sun.jnu.encoding" value="UTF-8"/>
    <property name="java.library.path" value="/Users/mlecoutre/Library/Java/Extensions:/Library/Java/Extensions:/Network/Library/Java/Extensions:/System/Library/Java/Extensions:/usr/lib/java:."/>
    <property name="surefire.test.class.path" value="/Users/mlecoutre/Workspaces/gitrepo/samples/UserUtility/target/test-classes:/Users/mlecoutre/Workspaces/gitrepo/samples/UserUtility/target/classes:/Users/mlecoutre/.m2/repository/org/hibernate/hibernate-core/4.1.4.Final/hibernate-core-4.1.4.Final.jar:/Users/mlecoutre/.m2/repository/antlr/antlr/2.7.7/antlr-2.7.7.jar:/Users/mlecoutre/.m2/repository/org/jboss/logging/jboss-logging/3.1.0.GA/jboss-logging-3.1.0.GA.jar:/Users/mlecoutre/.m2/repository/org/jboss/spec/javax/transaction/jboss-transaction-api_1.1_spec/1.0.0.Final/jboss-transaction-api_1.1_spec-1.0.0.Final.jar:/Users/mlecoutre/.m2/repository/dom4j/dom4j/1.6.1/dom4j-1.6.1.jar:/Users/mlecoutre/.m2/repository/org/hibernate/javax/persistence/hibernate-jpa-2.0-api/1.0.1.Final/hibernate-jpa-2.0-api-1.0.1.Final.jar:/Users/mlecoutre/.m2/repository/org/javassist/javassist/3.15.0-GA/javassist-3.15.0-GA.jar:/Users/mlecoutre/.m2/repository/org/hibernate/common/hibernate-commons-annotations/4.0.1.Final/hibernate-commons-annotations-4.0.1.Final.jar:/Users/mlecoutre/.m2/repository/org/hibernate/hibernate-entitymanager/4.1.4.Final/hibernate-entitymanager-4.1.4.Final.jar:/Users/mlecoutre/.m2/repository/org/slf4j/slf4j-simple/1.6.1/slf4j-simple-1.6.1.jar:/Users/mlecoutre/.m2/repository/org/slf4j/slf4j-api/1.6.1/slf4j-api-1.6.1.jar:/Users/mlecoutre/.m2/repository/junit/junit/4.10/junit-4.10.jar:/Users/mlecoutre/.m2/repository/org/hamcrest/hamcrest-core/1.1/hamcrest-core-1.1.jar:/Users/mlecoutre/.m2/repository/com/h2database/h2/1.2.145/h2-1.2.145.jar:"/>
    <property name="java.specification.name" value="Java Platform API Specification"/>
    <property name="java.class.version" value="51.0"/>
    <property name="sun.management.compiler" value="HotSpot 64-Bit Tiered Compilers"/>
    <property name="os.version" value="10.7.4"/>
    <property name="http.nonProxyHosts" value="local|*.local|169.254/16|*.169.254/16"/>
    <property name="user.home" value="/Users/mlecoutre"/>
    <property name="user.timezone" value="Europe/Paris"/>
    <property name="java.awt.printerjob" value="sun.lwawt.macosx.CPrinterJob"/>
    <property name="java.specification.version" value="1.7"/>
    <property name="file.encoding" value="UTF-8"/>
    <property name="user.name" value="mlecoutre"/>
    <property name="java.class.path" value="/Users/mlecoutre/Workspaces/gitrepo/samples/UserUtility/target/test-classes:/Users/mlecoutre/Workspaces/gitrepo/samples/UserUtility/target/classes:/Users/mlecoutre/.m2/repository/org/hibernate/hibernate-core/4.1.4.Final/hibernate-core-4.1.4.Final.jar:/Users/mlecoutre/.m2/repository/antlr/antlr/2.7.7/antlr-2.7.7.jar:/Users/mlecoutre/.m2/repository/org/jboss/logging/jboss-logging/3.1.0.GA/jboss-logging-3.1.0.GA.jar:/Users/mlecoutre/.m2/repository/org/jboss/spec/javax/transaction/jboss-transaction-api_1.1_spec/1.0.0.Final/jboss-transaction-api_1.1_spec-1.0.0.Final.jar:/Users/mlecoutre/.m2/repository/dom4j/dom4j/1.6.1/dom4j-1.6.1.jar:/Users/mlecoutre/.m2/repository/org/hibernate/javax/persistence/hibernate-jpa-2.0-api/1.0.1.Final/hibernate-jpa-2.0-api-1.0.1.Final.jar:/Users/mlecoutre/.m2/repository/org/javassist/javassist/3.15.0-GA/javassist-3.15.0-GA.jar:/Users/mlecoutre/.m2/repository/org/hibernate/common/hibernate-commons-annotations/4.0.1.Final/hibernate-commons-annotations-4.0.1.Final.jar:/Users/mlecoutre/.m2/repository/org/hibernate/hibernate-entitymanager/4.1.4.Final/hibernate-entitymanager-4.1.4.Final.jar:/Users/mlecoutre/.m2/repository/org/slf4j/slf4j-simple/1.6.1/slf4j-simple-1.6.1.jar:/Users/mlecoutre/.m2/repository/org/slf4j/slf4j-api/1.6.1/slf4j-api-1.6.1.jar:/Users/mlecoutre/.m2/repository/junit/junit/4.10/junit-4.10.jar:/Users/mlecoutre/.m2/repository/org/hamcrest/hamcrest-core/1.1/hamcrest-core-1.1.jar:/Users/mlecoutre/.m2/repository/com/h2database/h2/1.2.145/h2-1.2.145.jar:"/>
    <property name="java.vm.specification.version" value="1.7"/>
    <property name="sun.arch.data.model" value="64"/>
    <property name="java.home" value="/Library/Java/JavaVirtualMachines/1.7.0.jdk/Contents/Home/jre"/>
    <property name="sun.java.command" value="/Users/mlecoutre/Workspaces/gitrepo/samples/UserUtility/target/surefire/surefirebooter2147240122655978524.jar /Users/mlecoutre/Workspaces/gitrepo/samples/UserUtility/target/surefire/surefire1665935552613648725tmp /Users/mlecoutre/Workspaces/gitrepo/samples/UserUtility/target/surefire/surefire3729902965203544692tmp"/>
    <property name="java.specification.vendor" value="Oracle Corporation"/>
    <property name="user.language" value="fr"/>
    <property name="awt.toolkit" value="sun.lwawt.macosx.LWCToolkit"/>
    <property name="java.vm.info" value="mixed mode"/>
    <property name="java.version" value="1.7.0_05"/>
    <property name="java.ext.dirs" value="/Users/mlecoutre/Library/Java/Extensions:/Library/Java/JavaVirtualMachines/1.7.0.jdk/Contents/Home/jre/lib/ext:/Library/Java/Extensions:/Network/Library/Java/Extensions:/System/Library/Java/Extensions:/usr/lib/java"/>
    <property name="sun.boot.class.path" value="/Library/Java/JavaVirtualMachines/1.7.0.jdk/Contents/Home/jre/lib/resources.jar:/Library/Java/JavaVirtualMachines/1.7.0.jdk/Contents/Home/jre/lib/rt.jar:/Library/Java/JavaVirtualMachines/1.7.0.jdk/Contents/Home/jre/lib/sunrsasign.jar:/Library/Java/JavaVirtualMachines/1.7.0.jdk/Contents/Home/jre/lib/jsse.jar:/Library/Java/JavaVirtualMachines/1.7.0.jdk/Contents/Home/jre/lib/jce.jar:/Library/Java/JavaVirtualMachines/1.7.0.jdk/Contents/Home/jre/lib/charsets.jar:/Library/Java/JavaVirtualMachines/1.7.0.jdk/Contents/Home/jre/lib/jfr.jar:/Library/Java/JavaVirtualMachines/1.7.0.jdk/Contents/Home/jre/lib/JObjC.jar:/Library/Java/JavaVirtualMachines/1.7.0.jdk/Contents/Home/jre/classes"/>
    <property name="java.vendor" value="Oracle Corporation"/>
    <property name="localRepository" value="/Users/mlecoutre/.m2/repository"/>
    <property name="file.separator" value="/"/>
    <property name="java.vendor.url.bug" value="http://bugreport.sun.com/bugreport/"/>
    <property name="sun.cpu.endian" value="little"/>
    <property name="sun.io.unicode.encoding" value="UnicodeBig"/>
    <property name="socksNonProxyHosts" value="local|*.local|169.254/16|*.169.254/16"/>
    <property name="ftp.nonProxyHosts" value="local|*.local|169.254/16|*.169.254/16"/>
    <property name="sun.cpu.isalist" value=""/>
  </properties>
  <testcase time="1.296" classname="org.mat.sample.EntityManagerIllustrationTest" name="testBasicUsage"/>
</testsuite>